This is XeTeX, Version 3.141592653-2.6-0.999996 (TeX Live 2024) (preloaded format=xelatex 2024.11.14)  12 DEC 2024 06:01
entering extended mode
 restricted \write18 enabled.
 %&-line parsing enabled.
**collisions.tex
(./collisions.tex
LaTeX2e <2024-11-01>
L3 programming layer <2024-11-02>

(/home/user/Tools/software/texlive/2024/texmf-dist/tex/latex/standalone/standal
one.cls
Document Class: standalone 2022/10/10 v1.3b Class to compile TeX sub-files stan
dalone

(/home/user/Tools/software/texlive/2024/texmf-dist/tex/latex/tools/shellesc.sty
Package: shellesc 2023/07/08 v1.0d unified shell escape interface for LaTeX
Package shellesc Info: Restricted shell escape enabled on input line 77.
)
(/home/user/Tools/software/texlive/2024/texmf-dist/tex/generic/iftex/ifluatex.s
ty
Package: ifluatex 2019/10/25 v1.5 ifluatex legacy package. Use iftex instead.

(/home/user/Tools/software/texlive/2024/texmf-dist/tex/generic/iftex/iftex.sty
Package: iftex 2022/02/03 v1.0f TeX engine tests
))
(/home/user/Tools/software/texlive/2024/texmf-dist/tex/latex/xkeyval/xkeyval.st
y
Package: xkeyval 2022/06/16 v2.9 package option processing (HA)

(/home/user/Tools/software/texlive/2024/texmf-dist/tex/generic/xkeyval/xkeyval.
tex
(/home/user/Tools/software/texlive/2024/texmf-dist/tex/generic/xkeyval/xkvutils
.tex
\XKV@toks=\toks17
\XKV@tempa@toks=\toks18

(/home/user/Tools/software/texlive/2024/texmf-dist/tex/generic/xkeyval/keyval.t
ex))
\XKV@depth=\count192
File: xkeyval.tex 2014/12/03 v2.7a key=value parser (HA)
))
\sa@internal=\count193
\c@sapage=\count194

(/home/user/Tools/software/texlive/2024/texmf-dist/tex/latex/standalone/standal
one.cfg
File: standalone.cfg 2022/10/10 v1.3b Default configuration file for 'standalon
e' class
)
(/home/user/Tools/software/texlive/2024/texmf-dist/tex/latex/base/article.cls
Document Class: article 2024/06/29 v1.4n Standard LaTeX document class
(/home/user/Tools/software/texlive/2024/texmf-dist/tex/latex/base/size10.clo
File: size10.clo 2024/06/29 v1.4n Standard LaTeX file (size option)
)
\c@part=\count195
\c@section=\count196
\c@subsection=\count197
\c@subsubsection=\count198
\c@paragraph=\count199
\c@subparagraph=\count266
\c@figure=\count267
\c@table=\count268
\abovecaptionskip=\skip49
\belowcaptionskip=\skip50
\bibindent=\dimen141
)
\sa@box=\box52
)
(/home/user/Tools/software/texlive/2024/texmf-dist/tex/latex/tabularray/tabular
ray.sty
(/home/user/Tools/software/texlive/2024/texmf-dist/tex/latex/l3kernel/expl3.sty
Package: expl3 2024-11-02 L3 programming layer (loader) 

(/home/user/Tools/software/texlive/2024/texmf-dist/tex/latex/l3backend/l3backen
d-xetex.def
File: l3backend-xetex.def 2024-05-08 L3 backend support: XeTeX
\g__graphics_track_int=\count269
\l__pdf_internal_box=\box53
\g__pdf_backend_annotation_int=\count270
\g__pdf_backend_link_int=\count271
))
Package: tabularray 2024-02-16 v2024A Typeset tabulars and arrays with LaTeX3
\l__tblr_a_int=\count272
\l__tblr_c_int=\count273
\l__tblr_r_int=\count274
\l__tblr_d_dim=\dimen142
\l__tblr_h_dim=\dimen143
\l__tblr_o_dim=\dimen144
\l__tblr_p_dim=\dimen145
\l__tblr_q_dim=\dimen146
\l__tblr_r_dim=\dimen147
\l__tblr_s_dim=\dimen148
\l__tblr_t_dim=\dimen149
\l__tblr_v_dim=\dimen150
\l__tblr_w_dim=\dimen151
\l__tblr_a_box=\box54
\l__tblr_b_box=\box55
\l__tblr_c_box=\box56
\l__tblr_d_box=\box57
\g__tblr_table_count_int=\count275
\c@rownum=\count276
\c@colnum=\count277
\c@rowcount=\count278
\c@colcount=\count279
\abovesep=\dimen152
\belowsep=\dimen153
\leftsep=\dimen154
\rightsep=\dimen155
\g_tblr_level_int=\count280
\g__tblr_data_row_key_count_int=\count281
\g__tblr_data_column_key_count_int=\count282
\g__tblr_data_cell_key_count_int=\count283
\g__tblr_array_int=\count284
\l__tblr_key_count_int=\count285
\l__tblr_key_quotient_int=\count286
\l__tblr_key_quotient_two_int=\count287
\l__tblr_key_remainder_int=\count288
\g__tblr_data_str_value_count_int=\count289
\rulewidth=\dimen156
\l__tblr_strut_dp_dim=\dimen157
\l__tblr_strut_ht_dim=\dimen158
\g__tblr_cell_wd_dim=\dimen159
\g__tblr_cell_ht_dim=\dimen160
\g__tblr_cell_head_dim=\dimen161
\g__tblr_cell_foot_dim=\dimen162
\l__column_target_dim=\dimen163
\l__tblr_caption_box=\box58
\l__tblr_caption_left_box=\box59
\l__tblr_row_head_box=\box60
\l__tblr_row_foot_box=\box61
\l__tblr_row_head_foot_dim=\dimen164
\tablewidth=\dimen165
\l__tblr_table_firsthead_box=\box62
\l__tblr_table_middlehead_box=\box63
\l__tblr_table_lasthead_box=\box64
\l__tblr_table_firstfoot_box=\box65
\l__tblr_table_middlefoot_box=\box66
\l__tblr_table_lastfoot_box=\box67
\l__tblr_remain_height_dim=\dimen166
\l__tblr_long_from_int=\count290
\l__tblr_long_to_int=\count291
\l__tblr_curr_i_int=\count292
\l__tblr_prev_i_int=\count293
\l__tblr_table_page_int=\count294
\l__tblr_table_head_box=\box68
\l__tblr_table_foot_box=\box69
\l__tblr_table_head_foot_dim=\dimen167
\l__tblr_table_head_body_foot_dim=\dimen168
\l__tblr_table_box=\box70
\l__tblr_table_hlines_box=\box71
\l__tblr_hline_box=\box72
\l__tblr_row_box=\box73
\l__tblr_col_o_wd_dim=\dimen169
\l__tblr_col_b_wd_dim=\dimen170
\l__tblr_hline_leftskip_dim=\dimen171
\l__tblr_hline_rightskip_dim=\dimen172
\l__tblr_row_ht_dim=\dimen173
\l__tblr_row_dp_dim=\dimen174
\l__tblr_row_abovesep_dim=\dimen175
\l__tblr_row_belowsep_dim=\dimen176
\l__tblr_row_vlines_box=\box74
\l__tblr_vline_box=\box75
\l__tblr_cell_box=\box76
\l__row_upper_dim=\dimen177
\l__row_lower_dim=\dimen178
\l__row_vpace_dim=\dimen179
\l__tblr_vline_aboveskip_dim=\dimen180
\l__tblr_vline_belowskip_dim=\dimen181
\l__tblr_cell_wd_dim=\dimen182
\l__tblr_cell_ht_dim=\dimen183
\l__tblr_diag_box=\box77
)
(/home/user/Tools/software/texlive/2024/texmf-dist/tex/latex/amsmath/amsmath.st
y
Package: amsmath 2024/11/05 v2.17t AMS math features
\@mathmargin=\skip51

For additional information on amsmath, use the `?' option.

(/home/user/Tools/software/texlive/2024/texmf-dist/tex/latex/amsmath/amstext.st
y
Package: amstext 2021/08/26 v2.01 AMS text

(/home/user/Tools/software/texlive/2024/texmf-dist/tex/latex/amsmath/amsgen.sty
File: amsgen.sty 1999/11/30 v2.0 generic functions
\@emptytoks=\toks19
\ex@=\dimen184
))
(/home/user/Tools/software/texlive/2024/texmf-dist/tex/latex/amsmath/amsbsy.sty
Package: amsbsy 1999/11/29 v1.2d Bold Symbols
\pmbraise@=\dimen185
)
(/home/user/Tools/software/texlive/2024/texmf-dist/tex/latex/amsmath/amsopn.sty
Package: amsopn 2022/04/08 v2.04 operator names
)
\inf@bad=\count295
LaTeX Info: Redefining \frac on input line 233.
\uproot@=\count296
\leftroot@=\count297
LaTeX Info: Redefining \overline on input line 398.
LaTeX Info: Redefining \colon on input line 409.
\classnum@=\count298
\DOTSCASE@=\count299
LaTeX Info: Redefining \ldots on input line 495.
LaTeX Info: Redefining \dots on input line 498.
LaTeX Info: Redefining \cdots on input line 619.
\Mathstrutbox@=\box78
\strutbox@=\box79
LaTeX Info: Redefining \big on input line 721.
LaTeX Info: Redefining \Big on input line 722.
LaTeX Info: Redefining \bigg on input line 723.
LaTeX Info: Redefining \Bigg on input line 724.
\big@size=\dimen186
LaTeX Font Info:    Redeclaring font encoding OML on input line 742.
LaTeX Font Info:    Redeclaring font encoding OMS on input line 743.
\macc@depth=\count300
LaTeX Info: Redefining \bmod on input line 904.
LaTeX Info: Redefining \pmod on input line 909.
LaTeX Info: Redefining \smash on input line 939.
LaTeX Info: Redefining \relbar on input line 969.
LaTeX Info: Redefining \Relbar on input line 970.
\c@MaxMatrixCols=\count301
\dotsspace@=\muskip17
\c@parentequation=\count302
\dspbrk@lvl=\count303
\tag@help=\toks20
\row@=\count304
\column@=\count305
\maxfields@=\count306
\andhelp@=\toks21
\eqnshift@=\dimen187
\alignsep@=\dimen188
\tagshift@=\dimen189
\tagwidth@=\dimen190
\totwidth@=\dimen191
\lineht@=\dimen192
\@envbody=\toks22
\multlinegap=\skip52
\multlinetaggap=\skip53
\mathdisplay@stack=\toks23
LaTeX Info: Redefining \[ on input line 2953.
LaTeX Info: Redefining \] on input line 2954.
)
(/home/user/Tools/software/texlive/2024/texmf-dist/tex/latex/mathtools/mathtool
s.sty
Package: mathtools 2024/10/04 v1.31 mathematical typesetting tools

(/home/user/Tools/software/texlive/2024/texmf-dist/tex/latex/tools/calc.sty
Package: calc 2023/07/08 v4.3 Infix arithmetic (KKT,FJ)
\calc@Acount=\count307
\calc@Bcount=\count308
\calc@Adimen=\dimen193
\calc@Bdimen=\dimen194
\calc@Askip=\skip54
\calc@Bskip=\skip55
LaTeX Info: Redefining \setlength on input line 80.
LaTeX Info: Redefining \addtolength on input line 81.
\calc@Ccount=\count309
\calc@Cskip=\skip56
)
(/home/user/Tools/software/texlive/2024/texmf-dist/tex/latex/mathtools/mhsetup.
sty
Package: mhsetup 2021/03/18 v1.4 programming setup (MH)
)
\g_MT_multlinerow_int=\count310
\l_MT_multwidth_dim=\dimen195
\origjot=\skip57
\l_MT_shortvdotswithinadjustabove_dim=\dimen196
\l_MT_shortvdotswithinadjustbelow_dim=\dimen197
\l_MT_above_intertext_sep=\dimen198
\l_MT_below_intertext_sep=\dimen199
\l_MT_above_shortintertext_sep=\dimen256
\l_MT_below_shortintertext_sep=\dimen257
\xmathstrut@box=\box80
\xmathstrut@dim=\dimen258
) (./collisions.aux)
\openout1 = `collisions.aux'.

LaTeX Font Info:    Checking defaults for OML/cmm/m/it on input line 3.
LaTeX Font Info:    ... okay on input line 3.
LaTeX Font Info:    Checking defaults for OMS/cmsy/m/n on input line 3.
LaTeX Font Info:    ... okay on input line 3.
LaTeX Font Info:    Checking defaults for OT1/cmr/m/n on input line 3.
LaTeX Font Info:    ... okay on input line 3.
LaTeX Font Info:    Checking defaults for T1/cmr/m/n on input line 3.
LaTeX Font Info:    ... okay on input line 3.
LaTeX Font Info:    Checking defaults for TS1/cmr/m/n on input line 3.
LaTeX Font Info:    ... okay on input line 3.
LaTeX Font Info:    Checking defaults for TU/lmr/m/n on input line 3.
LaTeX Font Info:    ... okay on input line 3.
LaTeX Font Info:    Checking defaults for OMX/cmex/m/n on input line 3.
LaTeX Font Info:    ... okay on input line 3.
LaTeX Font Info:    Checking defaults for U/cmr/m/n on input line 3.
LaTeX Font Info:    ... okay on input line 3.

(/home/user/Tools/software/texlive/2024/texmf-dist/tex/latex/graphics/graphicx.
sty
Package: graphicx 2021/09/16 v1.2d Enhanced LaTeX Graphics (DPC,SPQR)

(/home/user/Tools/software/texlive/2024/texmf-dist/tex/latex/graphics/graphics.
sty
Package: graphics 2024/08/06 v1.4g Standard LaTeX Graphics (DPC,SPQR)

(/home/user/Tools/software/texlive/2024/texmf-dist/tex/latex/graphics/trig.sty
Package: trig 2023/12/02 v1.11 sin cos tan (DPC)
)
(/home/user/Tools/software/texlive/2024/texmf-dist/tex/latex/graphics-cfg/graph
ics.cfg
File: graphics.cfg 2016/06/04 v1.11 sample graphics configuration
)
Package graphics Info: Driver file: xetex.def on input line 106.

(/home/user/Tools/software/texlive/2024/texmf-dist/tex/latex/graphics-def/xetex
.def
File: xetex.def 2022/09/22 v5.0n Graphics/color driver for xetex
))
\Gin@req@height=\dimen259
\Gin@req@width=\dimen260
)
> Step: init table outer spec.
> Step: parse table options.
> Step: split table.
> Step: init table inner spec.
> Step: parse table inner spec.
> Step: execute table commands.
> Step: calculate cell and line sizes.
> Step: build the whole table.


[1

] (./collisions.aux)
 ***********
LaTeX2e <2024-11-01>
L3 programming layer <2024-11-02>
 ***********
 ) 
Here is how much of TeX's memory you used:
 4675 strings out of 473995
 96441 string characters out of 5727324
 488485 words of memory out of 5000000
 27599 multiletter control sequences out of 15000+600000
 559629 words of font info for 42 fonts, out of 8000000 for 9000
 1348 hyphenation exceptions out of 8191
 65i,13n,101p,232b,611s stack positions out of 10000i,1000n,20000p,200000b,200000s

Output written on collisions.pdf (1 page).
